Build started 8/26/2013 4:23:47 PM.
Project "c:\Users\jpdev\Documents\github\Instruction_Exercises\Visual C++ - Ivor\Ex2_05\Ex2_05\Ex2_05.vcxproj" on node 2 (build target(s)).
PrepareForBuild:
  Creating directory "c:\users\jpdev\Documents\github\Instruction_Exercises\Visual C++ - Ivor\Ex2_05\Debug\".
InitializeBuildStatus:
  Creating "Debug\Ex2_05.unsuccessfulbuild" because "AlwaysCreate" was specified.
ClCompile:
  C:\Program Files (x86)\Microsoft Visual Studio 10.0\VC\bin\CL.exe /c /ZI /nologo /W3 /WX- /Od /Oy- /D WIN32 /D _DEBUG /D _CONSOLE /Gm /EHsc /RTC1 /MDd /GS /fp:precise /Zc:wchar_t /Zc:forScope /Fo"Debug\\" /Fd"Debug\vc100.pdb" /Gd /TP /analyze- /errorReport:prompt Ex2_05.cpp
  Ex2_05.cpp
c:\users\jpdev\documents\github\instruction_exercises\visual c++ - ivor\ex2_05\ex2_05\ex2_05.cpp(25): warning C4244: '=' : conversion from 'const double' to 'int', possible loss of data
c:\users\jpdev\documents\github\instruction_exercises\visual c++ - ivor\ex2_05\ex2_05\ex2_05.cpp(27): warning C4244: '=' : conversion from 'double' to 'int', possible loss of data
ManifestResourceCompile:
  C:\Program Files (x86)\Microsoft SDKs\Windows\v7.0A\bin\rc.exe /nologo /fo"Debug\Ex2_05.exe.embed.manifest.res" Debug\Ex2_05_manifest.rc 
Link:
  C:\Program Files (x86)\Microsoft Visual Studio 10.0\VC\bin\link.exe /ERRORREPORT:PROMPT /OUT:"c:\users\jpdev\Documents\github\Instruction_Exercises\Visual C++ - Ivor\Ex2_05\Debug\Ex2_05.exe" /INCREMENTAL /NOLOGO kernel32.lib user32.lib gdi32.lib winspool.lib comdlg32.lib advapi32.lib shell32.lib ole32.lib oleaut32.lib uuid.lib odbc32.lib odbccp32.lib /MANIFEST /ManifestFile:"Debug\Ex2_05.exe.intermediate.manifest" /MANIFESTUAC:"level='asInvoker' uiAccess='false'" /DEBUG /PDB:"c:\users\jpdev\Documents\github\Instruction_Exercises\Visual C++ - Ivor\Ex2_05\Debug\Ex2_05.pdb" /SUBSYSTEM:CONSOLE /TLBID:1 /DYNAMICBASE /NXCOMPAT /IMPLIB:"c:\users\jpdev\Documents\github\Instruction_Exercises\Visual C++ - Ivor\Ex2_05\Debug\Ex2_05.lib" /MACHINE:X86 Debug\Ex2_05.exe.embed.manifest.res
  Debug\Ex2_05.obj
Manifest:
  C:\Program Files (x86)\Microsoft SDKs\Windows\v7.0A\bin\mt.exe /nologo /verbose /out:"Debug\Ex2_05.exe.embed.manifest" /manifest Debug\Ex2_05.exe.intermediate.manifest
  C:\Program Files (x86)\Microsoft SDKs\Windows\v7.0A\bin\rc.exe /nologo /fo"Debug\Ex2_05.exe.embed.manifest.res" Debug\Ex2_05_manifest.rc 
LinkEmbedManifest:
  C:\Program Files (x86)\Microsoft Visual Studio 10.0\VC\bin\link.exe /ERRORREPORT:PROMPT /OUT:"c:\users\jpdev\Documents\github\Instruction_Exercises\Visual C++ - Ivor\Ex2_05\Debug\Ex2_05.exe" /INCREMENTAL /NOLOGO kernel32.lib user32.lib gdi32.lib winspool.lib comdlg32.lib advapi32.lib shell32.lib ole32.lib oleaut32.lib uuid.lib odbc32.lib odbccp32.lib /MANIFEST /ManifestFile:"Debug\Ex2_05.exe.intermediate.manifest" /MANIFESTUAC:"level='asInvoker' uiAccess='false'" /DEBUG /PDB:"c:\users\jpdev\Documents\github\Instruction_Exercises\Visual C++ - Ivor\Ex2_05\Debug\Ex2_05.pdb" /SUBSYSTEM:CONSOLE /TLBID:1 /DYNAMICBASE /NXCOMPAT /IMPLIB:"c:\users\jpdev\Documents\github\Instruction_Exercises\Visual C++ - Ivor\Ex2_05\Debug\Ex2_05.lib" /MACHINE:X86 Debug\Ex2_05.exe.embed.manifest.res
  Debug\Ex2_05.obj
  Ex2_05.vcxproj -> c:\users\jpdev\Documents\github\Instruction_Exercises\Visual C++ - Ivor\Ex2_05\Debug\Ex2_05.exe
FinalizeBuildStatus:
  Deleting file "Debug\Ex2_05.unsuccessfulbuild".
  Touching "Debug\Ex2_05.lastbuildstate".
Done Building Project "c:\Users\jpdev\Documents\github\Instruction_Exercises\Visual C++ - Ivor\Ex2_05\Ex2_05\Ex2_05.vcxproj" (build target(s)).

Build succeeded.

Time Elapsed 00:00:03.04
