Build started 8/25/2013 6:35:16 PM.
Project "C:\Users\jpdev\Documents\github\Instruction_Exercises\Visual C++ - Ivor\Ex2_03\Ex2_03\Ex2_03.vcxproj" on node 2 (build target(s)).
InitializeBuildStatus:
  Touching "Debug\Ex2_03.unsuccessfulbuild".
ClCompile:
  C:\Program Files (x86)\Microsoft Visual Studio 10.0\VC\bin\CL.exe /c /ZI /nologo /W3 /WX- /Od /Oy- /D WIN32 /D _DEBUG /D _CONSOLE /D _UNICODE /D UNICODE /Gm /EHsc /RTC1 /MDd /GS /fp:precise /Zc:wchar_t /Zc:forScope /Fo"Debug\\" /Fd"Debug\vc100.pdb" /Gd /TP /analyze- /errorReport:prompt Ex2_03.cpp
  Ex2_03.cpp
ManifestResourceCompile:
  C:\Program Files (x86)\Microsoft SDKs\Windows\v7.0A\bin\rc.exe /nologo /fo"Debug\Ex2_03.exe.embed.manifest.res" Debug\Ex2_03_manifest.rc 
Link:
  C:\Program Files (x86)\Microsoft Visual Studio 10.0\VC\bin\link.exe /ERRORREPORT:PROMPT /OUT:"C:\Users\jpdev\Documents\github\Instruction_Exercises\Visual C++ - Ivor\Ex2_03\Debug\Ex2_03.exe" /INCREMENTAL /NOLOGO kernel32.lib user32.lib gdi32.lib winspool.lib comdlg32.lib advapi32.lib shell32.lib ole32.lib oleaut32.lib uuid.lib odbc32.lib odbccp32.lib /MANIFEST /ManifestFile:"Debug\Ex2_03.exe.intermediate.manifest" /MANIFESTUAC:"level='asInvoker' uiAccess='false'" /DEBUG /PDB:"C:\Users\jpdev\Documents\github\Instruction_Exercises\Visual C++ - Ivor\Ex2_03\Debug\Ex2_03.pdb" /SUBSYSTEM:CONSOLE /TLBID:1 /DYNAMICBASE /NXCOMPAT /IMPLIB:"C:\Users\jpdev\Documents\github\Instruction_Exercises\Visual C++ - Ivor\Ex2_03\Debug\Ex2_03.lib" /MACHINE:X86 Debug\Ex2_03.exe.embed.manifest.res
  Debug\Ex2_03.obj
Manifest:
  C:\Program Files (x86)\Microsoft SDKs\Windows\v7.0A\bin\mt.exe /nologo /verbose /out:"Debug\Ex2_03.exe.embed.manifest" /manifest Debug\Ex2_03.exe.intermediate.manifest
  C:\Program Files (x86)\Microsoft SDKs\Windows\v7.0A\bin\rc.exe /nologo /fo"Debug\Ex2_03.exe.embed.manifest.res" Debug\Ex2_03_manifest.rc 
LinkEmbedManifest:
  C:\Program Files (x86)\Microsoft Visual Studio 10.0\VC\bin\link.exe /ERRORREPORT:PROMPT /OUT:"C:\Users\jpdev\Documents\github\Instruction_Exercises\Visual C++ - Ivor\Ex2_03\Debug\Ex2_03.exe" /INCREMENTAL /NOLOGO kernel32.lib user32.lib gdi32.lib winspool.lib comdlg32.lib advapi32.lib shell32.lib ole32.lib oleaut32.lib uuid.lib odbc32.lib odbccp32.lib /MANIFEST /ManifestFile:"Debug\Ex2_03.exe.intermediate.manifest" /MANIFESTUAC:"level='asInvoker' uiAccess='false'" /DEBUG /PDB:"C:\Users\jpdev\Documents\github\Instruction_Exercises\Visual C++ - Ivor\Ex2_03\Debug\Ex2_03.pdb" /SUBSYSTEM:CONSOLE /TLBID:1 /DYNAMICBASE /NXCOMPAT /IMPLIB:"C:\Users\jpdev\Documents\github\Instruction_Exercises\Visual C++ - Ivor\Ex2_03\Debug\Ex2_03.lib" /MACHINE:X86 Debug\Ex2_03.exe.embed.manifest.res
  Debug\Ex2_03.obj
  Ex2_03.vcxproj -> C:\Users\jpdev\Documents\github\Instruction_Exercises\Visual C++ - Ivor\Ex2_03\Debug\Ex2_03.exe
FinalizeBuildStatus:
  Deleting file "Debug\Ex2_03.unsuccessfulbuild".
  Touching "Debug\Ex2_03.lastbuildstate".
Done Building Project "C:\Users\jpdev\Documents\github\Instruction_Exercises\Visual C++ - Ivor\Ex2_03\Ex2_03\Ex2_03.vcxproj" (build target(s)).

Build succeeded.

Time Elapsed 00:00:02.04
